<?xml version="1.0" encoding="UTF-8"?>
<!-- Generated by org.testng.reporters.JUnitReportReporter -->
<testsuite hostname="Surendhar-PC" failures="0" tests="16" name="com.StepDefinition.org.StepDefinition" time="0.011" errors="3" timestamp="2023-02-17T16:20:28 IST" skipped="13">
  <testcase classname="com.StepDefinition.org.StepDefinition" name="user_enter_the_in_the_user_email_field" time="0.000">
    <error message="
Cannot inject @Test annotated Method [user_enter_the_in_the_user_email_field] with [class java.lang.String].
For more information on native dependency injection please refer to https://testng.org/doc/documentation-main.html#native-dependency-injection" type="org.testng.TestNGException">
      <![CDATA[org.testng.TestNGException: 
Cannot inject @Test annotated Method [user_enter_the_in_the_user_email_field] with [class java.lang.String].
For more information on native dependency injection please refer to https://testng.org/doc/documentation-main.html#native-dependency-injection
at org.testng.internal.Parameters.checkParameterTypes(Parameters.java:439)
at org.testng.internal.Parameters.createParametersForMethod(Parameters.java:353)
at org.testng.internal.Parameters.createParameters(Parameters.java:708)
at org.testng.internal.Parameters.handleParameters(Parameters.java:884)
at org.testng.internal.Parameters.handleParameters(Parameters.java:740)
at org.testng.internal.ParameterHandler.handleParameters(ParameterHandler.java:59)
at org.testng.internal.ParameterHandler.createParameters(ParameterHandler.java:38)
at org.testng.internal.TestInvoker$MethodInvocationAgent.invoke(TestInvoker.java:791)
at org.testng.internal.TestInvoker.invokeTestMethods(TestInvoker.java:146)
at org.testng.internal.TestMethodWorker.invokeTestMethods(TestMethodWorker.java:146)
at org.testng.internal.TestMethodWorker.run(TestMethodWorker.java:128)
at java.base/java.util.ArrayList.forEach(ArrayList.java:1511)
at org.testng.TestRunner.privateRun(TestRunner.java:794)
at org.testng.TestRunner.run(TestRunner.java:596)
at org.testng.SuiteRunner.runTest(SuiteRunner.java:377)
at org.testng.SuiteRunner.runSequentially(SuiteRunner.java:371)
at org.testng.SuiteRunner.privateRun(SuiteRunner.java:332)
at org.testng.SuiteRunner.run(SuiteRunner.java:276)
at org.testng.SuiteRunnerWorker.runSuite(SuiteRunnerWorker.java:53)
at org.testng.SuiteRunnerWorker.run(SuiteRunnerWorker.java:96)
at org.testng.TestNG.runSuitesSequentially(TestNG.java:1212)
at org.testng.TestNG.runSuitesLocally(TestNG.java:1134)
at org.testng.TestNG.runSuites(TestNG.java:1063)
at org.testng.TestNG.run(TestNG.java:1031)
at org.testng.remote.AbstractRemoteTestNG.run(AbstractRemoteTestNG.java:115)
at org.testng.remote.RemoteTestNG.initAndRun(RemoteTestNG.java:251)
at org.testng.remote.RemoteTestNG.main(RemoteTestNG.java:77)
]]>
    </error>
  </testcase> <!-- user_enter_the_in_the_user_email_field -->
  <system-out/>
  <testcase classname="com.StepDefinition.org.StepDefinition" name="user_click_the_try_test_case_studio_option" time="0.000">
    <skipped/>
  </testcase> <!-- user_click_the_try_test_case_studio_option -->
  <system-out/>
  <testcase classname="com.StepDefinition.org.StepDefinition" name="user_click_the_product_menu" time="0.000">
    <skipped/>
  </testcase> <!-- user_click_the_product_menu -->
  <system-out/>
  <testcase classname="com.StepDefinition.org.StepDefinition" name="user_enter_the_mobile_number_in_the_mobile_number_field" time="0.000">
    <skipped/>
  </testcase> <!-- user_enter_the_mobile_number_in_the_mobile_number_field -->
  <system-out/>
  <testcase classname="com.StepDefinition.org.StepDefinition" name="user_again_click_the_checkout_here_button" time="0.000">
    <skipped/>
  </testcase> <!-- user_again_click_the_checkout_here_button -->
  <system-out/>
  <testcase classname="com.StepDefinition.org.StepDefinition" name="user_click_the_practice_page_from_drop_down_option" time="0.000">
    <skipped/>
  </testcase> <!-- user_click_the_practice_page_from_drop_down_option -->
  <system-out/>
  <testcase classname="com.StepDefinition.org.StepDefinition" name="user_must_take_screenshot_of_the_whole_web_page" time="0.000">
    <skipped/>
  </testcase> <!-- user_must_take_screenshot_of_the_whole_web_page -->
  <system-out/>
  <testcase classname="com.StepDefinition.org.StepDefinition" name="user_click_the_try_s_hub_youtube_channel_option" time="0.000">
    <skipped/>
  </testcase> <!-- user_click_the_try_s_hub_youtube_channel_option -->
  <system-out/>
  <testcase classname="com.StepDefinition.org.StepDefinition" name="user_enter_the_in_the_password_field" time="0.000">
    <error message="
Cannot inject @Test annotated Method [user_enter_the_in_the_password_field] with [class java.lang.String].
For more information on native dependency injection please refer to https://testng.org/doc/documentation-main.html#native-dependency-injection" type="org.testng.TestNGException">
      <![CDATA[org.testng.TestNGException: 
Cannot inject @Test annotated Method [user_enter_the_in_the_password_field] with [class java.lang.String].
For more information on native dependency injection please refer to https://testng.org/doc/documentation-main.html#native-dependency-injection
at org.testng.internal.Parameters.checkParameterTypes(Parameters.java:439)
at org.testng.internal.Parameters.createParametersForMethod(Parameters.java:353)
at org.testng.internal.Parameters.createParameters(Parameters.java:708)
at org.testng.internal.Parameters.handleParameters(Parameters.java:884)
at org.testng.internal.Parameters.handleParameters(Parameters.java:740)
at org.testng.internal.ParameterHandler.handleParameters(ParameterHandler.java:59)
at org.testng.internal.ParameterHandler.createParameters(ParameterHandler.java:38)
at org.testng.internal.TestInvoker$MethodInvocationAgent.invoke(TestInvoker.java:791)
at org.testng.internal.TestInvoker.invokeTestMethods(TestInvoker.java:146)
at org.testng.internal.TestMethodWorker.invokeTestMethods(TestMethodWorker.java:146)
at org.testng.internal.TestMethodWorker.run(TestMethodWorker.java:128)
at java.base/java.util.ArrayList.forEach(ArrayList.java:1511)
at org.testng.TestRunner.privateRun(TestRunner.java:794)
at org.testng.TestRunner.run(TestRunner.java:596)
at org.testng.SuiteRunner.runTest(SuiteRunner.java:377)
at org.testng.SuiteRunner.runSequentially(SuiteRunner.java:371)
at org.testng.SuiteRunner.privateRun(SuiteRunner.java:332)
at org.testng.SuiteRunner.run(SuiteRunner.java:276)
at org.testng.SuiteRunnerWorker.runSuite(SuiteRunnerWorker.java:53)
at org.testng.SuiteRunnerWorker.run(SuiteRunnerWorker.java:96)
at org.testng.TestNG.runSuitesSequentially(TestNG.java:1212)
at org.testng.TestNG.runSuitesLocally(TestNG.java:1134)
at org.testng.TestNG.runSuites(TestNG.java:1063)
at org.testng.TestNG.run(TestNG.java:1031)
at org.testng.remote.AbstractRemoteTestNG.run(AbstractRemoteTestNG.java:115)
at org.testng.remote.RemoteTestNG.initAndRun(RemoteTestNG.java:251)
at org.testng.remote.RemoteTestNG.main(RemoteTestNG.java:77)
]]>
    </error>
  </testcase> <!-- user_enter_the_in_the_password_field -->
  <system-out/>
  <testcase classname="com.StepDefinition.org.StepDefinition" name="user_switchto_parent_window" time="0.000">
    <skipped/>
  </testcase> <!-- user_switchto_parent_window -->
  <system-out/>
  <testcase classname="com.StepDefinition.org.StepDefinition" name="user_select_the_audi_car_from_the_choose_a_car_drop_down" time="0.000">
    <skipped/>
  </testcase> <!-- user_select_the_audi_car_from_the_choose_a_car_drop_down -->
  <system-out/>
  <testcase classname="com.StepDefinition.org.StepDefinition" name="user_must_close_the_opened_child_windows" time="0.001">
    <skipped/>
  </testcase> <!-- user_must_close_the_opened_child_windows -->
  <system-out/>
  <testcase classname="com.StepDefinition.org.StepDefinition" name="user_click_the_checkout_here_button" time="0.000">
    <skipped/>
  </testcase> <!-- user_click_the_checkout_here_button -->
  <system-out/>
  <testcase classname="com.StepDefinition.org.StepDefinition" name="user_must_launch_the_url" time="0.010">
    <error message="Cannot invoke &quot;org.openqa.selenium.WebDriver.get(String)&quot; because &quot;com.Baseclass.org.Baseclass.driver&quot; is null" type="java.lang.NullPointerException">
      <![CDATA[java.lang.NullPointerException: Cannot invoke "org.openqa.selenium.WebDriver.get(String)" because "com.Baseclass.org.Baseclass.driver" is null
at com.Baseclass.org.Baseclass.launchUrl(Baseclass.java:52)
at com.StepDefinition.org.StepDefinition.user_must_launch_the_url(StepDefinition.java:27)
at java.base/jdk.internal.reflect.DirectMethodHandleAccessor.invoke(DirectMethodHandleAccessor.java:104)
at java.base/java.lang.reflect.Method.invoke(Method.java:577)
at org.testng.internal.MethodInvocationHelper.invokeMethod(MethodInvocationHelper.java:133)
at org.testng.internal.MethodInvocationHelper.invokeMethodConsideringTimeout(MethodInvocationHelper.java:62)
at org.testng.internal.ConfigInvoker.invokeConfigurationMethod(ConfigInvoker.java:385)
at org.testng.internal.ConfigInvoker.invokeConfigurations(ConfigInvoker.java:321)
at org.testng.internal.TestMethodWorker.invokeBeforeClassMethods(TestMethodWorker.java:176)
at org.testng.internal.TestMethodWorker.run(TestMethodWorker.java:122)
at java.base/java.util.ArrayList.forEach(ArrayList.java:1511)
at org.testng.TestRunner.privateRun(TestRunner.java:794)
at org.testng.TestRunner.run(TestRunner.java:596)
at org.testng.SuiteRunner.runTest(SuiteRunner.java:377)
at org.testng.SuiteRunner.runSequentially(SuiteRunner.java:371)
at org.testng.SuiteRunner.privateRun(SuiteRunner.java:332)
at org.testng.SuiteRunner.run(SuiteRunner.java:276)
at org.testng.SuiteRunnerWorker.runSuite(SuiteRunnerWorker.java:53)
at org.testng.SuiteRunnerWorker.run(SuiteRunnerWorker.java:96)
at org.testng.TestNG.runSuitesSequentially(TestNG.java:1212)
at org.testng.TestNG.runSuitesLocally(TestNG.java:1134)
at org.testng.TestNG.runSuites(TestNG.java:1063)
at org.testng.TestNG.run(TestNG.java:1031)
at org.testng.remote.AbstractRemoteTestNG.run(AbstractRemoteTestNG.java:115)
at org.testng.remote.RemoteTestNG.initAndRun(RemoteTestNG.java:251)
at org.testng.remote.RemoteTestNG.main(RemoteTestNG.java:77)
]]>
    </error>
  </testcase> <!-- user_must_launch_the_url -->
  <system-out/>
  <testcase classname="com.StepDefinition.org.StepDefinition" name="user_click_the_submit_button" time="0.000">
    <skipped/>
  </testcase> <!-- user_click_the_submit_button -->
  <system-out/>
  <testcase classname="com.StepDefinition.org.StepDefinition" name="user_enter_the_company_name_in_the_company_field" time="0.000">
    <skipped/>
  </testcase> <!-- user_enter_the_company_name_in_the_company_field -->
  <system-out/>
</testsuite> <!-- com.StepDefinition.org.StepDefinition -->
